0 info it worked if it ends with ok
1 verbose cli [ '/home/uqutub/Documents/nodeJS/bin/node',
1 verbose cli   '/usr/bin/npm',
1 verbose cli   'start' ]
2 info using npm@3.7.1
3 info using node@v5.6.0
4 verbose run-script [ 'prestart', 'start', 'poststart' ]
5 info lifecycle panacloud-rest-api@0.0.1~prestart: panacloud-rest-api@0.0.1
6 silly lifecycle panacloud-rest-api@0.0.1~prestart: no script for prestart, continuing
7 info lifecycle panacloud-rest-api@0.0.1~start: panacloud-rest-api@0.0.1
8 verbose lifecycle panacloud-rest-api@0.0.1~start: unsafe-perm in lifecycle true
9 verbose lifecycle panacloud-rest-api@0.0.1~start: PATH: /home/uqutub/Documents/nodeJS/lib/node_modules/npm/bin/node-gyp-bin:/home/uqutub/Documents/Docx/Panacloud/teamofteams/server/node_modules/.bin:/home/uqutub/Documents/nodeJS/bin:/usr/lib64/qt-3.3/bin:/usr/local/bin:/usr/local/sbin:/usr/bin:/usr/sbin:/home/uqutub/.local/bin:/home/uqutub/bin:/home/uqutub/.local/bin:/home/uqutub/bin
10 verbose lifecycle panacloud-rest-api@0.0.1~start: CWD: /home/uqutub/Documents/Docx/Panacloud/teamofteams/server
11 silly lifecycle panacloud-rest-api@0.0.1~start: Args: [ '-c', 'node index.js' ]
12 silly lifecycle panacloud-rest-api@0.0.1~start: Returned: code: 1  signal: null
13 info lifecycle panacloud-rest-api@0.0.1~start: Failed to exec start script
14 verbose stack Error: panacloud-rest-api@0.0.1 start: `node index.js`
14 verbose stack Exit status 1
14 verbose stack     at EventEmitter.<anonymous> (/home/uqutub/Documents/nodeJS/lib/node_modules/npm/lib/utils/lifecycle.js:239:16)
14 verbose stack     at emitTwo (events.js:100:13)
14 verbose stack     at EventEmitter.emit (events.js:185:7)
14 verbose stack     at ChildProcess.<anonymous> (/home/uqutub/Documents/nodeJS/lib/node_modules/npm/lib/utils/spawn.js:24:14)
14 verbose stack     at emitTwo (events.js:100:13)
14 verbose stack     at ChildProcess.emit (events.js:185:7)
14 verbose stack     at maybeClose (internal/child_process.js:827:16)
14 verbose stack     at Process.ChildProcess._handle.onexit (internal/child_process.js:211:5)
15 verbose pkgid panacloud-rest-api@0.0.1
16 verbose cwd /home/uqutub/Documents/Docx/Panacloud/teamofteams/server
17 error Linux 4.3.5-300.fc23.x86_64
18 error argv "/home/uqutub/Documents/nodeJS/bin/node" "/usr/bin/npm" "start"
19 error node v5.6.0
20 error npm  v3.7.1
21 error code ELIFECYCLE
22 error panacloud-rest-api@0.0.1 start: `node index.js`
22 error Exit status 1
23 error Failed at the panacloud-rest-api@0.0.1 start script 'node index.js'.
23 error Make sure you have the latest version of node.js and npm installed.
23 error If you do, this is most likely a problem with the panacloud-rest-api package,
23 error not with npm itself.
23 error Tell the author that this fails on your system:
23 error     node index.js
23 error You can get information on how to open an issue for this project with:
23 error     npm bugs panacloud-rest-api
23 error Or if that isn't available, you can get their info via:
23 error     npm owner ls panacloud-rest-api
23 error There is likely additional logging output above.
24 verbose exit [ 1, true ]
